app/build/intermediates/manifest_merge_blame_file/debug/manifest-merger-blame-debug-report.txt
1<?xml version="1.0" encoding="utf-8"?>
2<manifest xmlns:android="http://schemas.android.com/apk/res/android"
3    package="com.example.armeasure"
4    android:versionCode="1"
5    android:versionName="1.0" >
6
7    <uses-sdk
8        android:minSdkVersion="24"
8-->src\main\AndroidManifest.xml
9        android:targetSdkVersion="29" />
9-->src\main\AndroidManifest.xml
10
11    <uses-permission android:name="android.permission.WAKE_LOCK" />
11-->src\main\AndroidManifest.xml:5:5-68
11-->src\main\AndroidManifest.xml:5:22-65
12    <uses-permission android:name="android.permission.CAMERA" />
12-->src\main\AndroidManifest.xml:9:5-10:10
12-->src\main\AndroidManifest.xml:9:22-62
13
14    <uses-feature
14-->src\main\AndroidManifest.xml:12:5-14:35
15        android:name="android.hardware.camera.ar"
15-->src\main\AndroidManifest.xml:13:9-50
16        android:required="true" />
16-->src\main\AndroidManifest.xml:14:9-32
17
18    <application
18-->src\main\AndroidManifest.xml:16:5-55:19
19        android:allowBackup="true"
19-->src\main\AndroidManifest.xml:17:9-35
20        android:appComponentFactory="androidx.core.app.CoreComponentFactory"
20-->[androidx.core:core:1.0.1] AndroidManifest.xml:22:18-86
21        android:debuggable="true"
22        android:extractNativeLibs="false"
23        android:icon="@mipmap/ic_launcher"
23-->src\main\AndroidManifest.xml:18:9-43
24        android:label="@string/app_name"
24-->src\main\AndroidManifest.xml:19:9-41
25        android:roundIcon="@mipmap/ic_launcher_round"
25-->src\main\AndroidManifest.xml:20:9-54
26        android:supportsRtl="true"
26-->src\main\AndroidManifest.xml:21:9-35
27        android:testOnly="true"
28        android:theme="@style/AppTheme" >
28-->src\main\AndroidManifest.xml:22:9-40
29        <activity
29-->src\main\AndroidManifest.xml:23:9-31:20
30            android:name="com.example.armeasure.MainActivity"
30-->src\main\AndroidManifest.xml:24:13-41
31            android:screenOrientation="portrait" >
31-->src\main\AndroidManifest.xml:25:13-49
32            <intent-filter>
32-->src\main\AndroidManifest.xml:26:13-30:29
33                <action android:name="android.intent.action.MAIN" />
33-->src\main\AndroidManifest.xml:27:17-69
33-->src\main\AndroidManifest.xml:27:25-66
34
35                <category android:name="android.intent.category.LAUNCHER" />
35-->src\main\AndroidManifest.xml:29:17-77
35-->src\main\AndroidManifest.xml:29:27-74
36            </intent-filter>
37        </activity>
38        <activity
38-->src\main\AndroidManifest.xml:32:9-40:20
39            android:name="com.example.armeasure.MeasurementList"
39-->src\main\AndroidManifest.xml:33:13-44
40            android:label="@string/title_activity_measurement_list" >
40-->src\main\AndroidManifest.xml:34:13-68
41            <intent-filter>
41-->src\main\AndroidManifest.xml:26:13-30:29
42                <action android:name="android.intent.action.MAIN" />
42-->src\main\AndroidManifest.xml:27:17-69
42-->src\main\AndroidManifest.xml:27:25-66
43
44                <category android:name="android.intent.category.LAUNCHER" />
44-->src\main\AndroidManifest.xml:29:17-77
44-->src\main\AndroidManifest.xml:29:27-74
45            </intent-filter>
46        </activity>
47
48        <!--
49               Set to true if your app is Standalone, that is, it does not require the handheld
50               app to run.
51        -->
52        <meta-data
52-->src\main\AndroidManifest.xml:47:9-49:36
53            android:name="com.google.android.wearable.standalone"
53-->src\main\AndroidManifest.xml:48:13-66
54            android:value="true" />
54-->src\main\AndroidManifest.xml:49:13-33
55        <meta-data
55-->src\main\AndroidManifest.xml:50:9-52:40
56            android:name="com.google.ar.core"
56-->src\main\AndroidManifest.xml:51:13-46
57            android:value="required" />
57-->src\main\AndroidManifest.xml:52:13-37
58
59        <!-- The minimal version code of ARCore APK required for an app using this SDK. -->
60        <meta-data
60-->[com.google.ar:core:1.10.0] AndroidManifest.xml:33:9-35:41
61            android:name="com.google.ar.core.min_apk_version"
61-->[com.google.ar:core:1.10.0] AndroidManifest.xml:34:13-62
62            android:value="190519000" /> <!-- This activity is critical for installing ARCore when it is not already present. -->
62-->[com.google.ar:core:1.10.0] AndroidManifest.xml:35:13-38
63        <activity
63-->[com.google.ar:core:1.10.0] AndroidManifest.xml:37:9-43:80
64            android:name="com.google.ar.core.InstallActivity"
64-->[com.google.ar:core:1.10.0] AndroidManifest.xml:38:13-62
65            android:configChanges="keyboardHidden|orientation|screenSize"
65-->[com.google.ar:core:1.10.0] AndroidManifest.xml:39:13-74
66            android:excludeFromRecents="true"
66-->[com.google.ar:core:1.10.0] AndroidManifest.xml:40:13-46
67            android:exported="false"
67-->[com.google.ar:core:1.10.0] AndroidManifest.xml:41:13-37
68            android:launchMode="singleTop"
68-->[com.google.ar:core:1.10.0] AndroidManifest.xml:42:13-43
69            android:theme="@android:style/Theme.Material.Light.Dialog.Alert" />
69-->[com.google.ar:core:1.10.0] AndroidManifest.xml:43:13-77
70    </application>
71
72</manifest>